2022-07-11 19:38:29.907  WARN 15768 --- [main] JpaBaseConfiguration$JpaWebConfiguration : spring.jpa.open-in-view is enabled by default. Therefore, database queries may be performed during view rendering. Explicitly configure spring.jpa.open-in-view to disable this warning
2022-07-11 19:38:29.977 DEBUG 15768 --- [main] s.w.s.m.m.a.RequestMappingHandlerAdapter : ControllerAdvice beans: 0 @ModelAttribute, 0 @InitBinder, 1 RequestBodyAdvice, 1 ResponseBodyAdvice
2022-07-11 19:38:30.027 DEBUG 15768 --- [main] s.w.s.m.m.a.RequestMappingHandlerMapping : 19 mappings in 'requestMappingHandlerMapping'
2022-07-11 19:38:30.038 DEBUG 15768 --- [main] o.s.w.s.handler.SimpleUrlHandlerMapping  : Patterns [/webjars/**, /**] in 'resourceHandlerMapping'
2022-07-11 19:38:30.044 DEBUG 15768 --- [main] .m.m.a.ExceptionHandlerExceptionResolver : ControllerAdvice beans: 1 @ExceptionHandler, 1 ResponseBodyAdvice
2022-07-11 19:38:39.449  INFO 15768 --- [http-nio-8081-exec-1] o.s.web.servlet.DispatcherServlet        : Initializing Servlet 'dispatcherServlet'
2022-07-11 19:38:39.449 DEBUG 15768 --- [http-nio-8081-exec-1] o.s.web.servlet.DispatcherServlet        : Detected StandardServletMultipartResolver
2022-07-11 19:38:39.449 DEBUG 15768 --- [http-nio-8081-exec-1] o.s.web.servlet.DispatcherServlet        : Detected AcceptHeaderLocaleResolver
2022-07-11 19:38:39.449 DEBUG 15768 --- [http-nio-8081-exec-1] o.s.web.servlet.DispatcherServlet        : Detected FixedThemeResolver
2022-07-11 19:38:39.450 DEBUG 15768 --- [http-nio-8081-exec-1] o.s.web.servlet.DispatcherServlet        : Detected org.springframework.web.servlet.view.DefaultRequestToViewNameTranslator@5203c80f
2022-07-11 19:38:39.450 DEBUG 15768 --- [http-nio-8081-exec-1] o.s.web.servlet.DispatcherServlet        : Detected org.springframework.web.servlet.support.SessionFlashMapManager@1144a02b
2022-07-11 19:38:39.450 DEBUG 15768 --- [http-nio-8081-exec-1] o.s.web.servlet.DispatcherServlet        : enableLoggingRequestDetails='false': request parameters and headers will be masked to prevent unsafe logging of potentially sensitive data
2022-07-11 19:38:39.450  INFO 15768 --- [http-nio-8081-exec-1] o.s.web.servlet.DispatcherServlet        : Completed initialization in 1 ms
2022-07-11 19:38:39.457 DEBUG 15768 --- [http-nio-8081-exec-1] o.s.web.servlet.DispatcherServlet        : GET "/application/", parameters={}
2022-07-11 19:38:39.462 DEBUG 15768 --- [http-nio-8081-exec-1] o.s.w.s.handler.SimpleUrlHandlerMapping  : Mapped to ResourceHttpRequestHandler [classpath [META-INF/resources/], classpath [resources/], classpath [static/], classpath [public/], ServletContext [/]]
2022-07-11 19:38:39.464 DEBUG 15768 --- [http-nio-8081-exec-1] o.s.w.s.r.ResourceHttpRequestHandler     : Resource not found
2022-07-11 19:38:39.464 DEBUG 15768 --- [http-nio-8081-exec-1] o.s.web.servlet.DispatcherServlet        : Completed 404 NOT_FOUND
2022-07-11 19:38:39.468 DEBUG 15768 --- [http-nio-8081-exec-1] o.s.web.servlet.DispatcherServlet        : "ERROR" dispatch for GET "/application/error", parameters={}
2022-07-11 19:38:39.469 DEBUG 15768 --- [http-nio-8081-exec-1] s.w.s.m.m.a.RequestMappingHandlerMapping : Mapped to org.springframework.boot.autoconfigure.web.servlet.error.BasicErrorController#errorHtml(HttpServletRequest, HttpServletResponse)
2022-07-11 19:38:39.486 DEBUG 15768 --- [http-nio-8081-exec-1] o.s.w.s.v.ContentNegotiatingViewResolver : Selected 'text/html' given [text/html, text/html;q=0.8]
2022-07-11 19:38:39.488 DEBUG 15768 --- [http-nio-8081-exec-1] o.s.web.servlet.DispatcherServlet        : Exiting from "ERROR" dispatch, status 404
2022-07-11 19:38:49.109 DEBUG 15768 --- [http-nio-8081-exec-3] o.s.web.servlet.DispatcherServlet        : GET "/application/api/v1/aorder", parameters={}
2022-07-11 19:38:49.110 DEBUG 15768 --- [http-nio-8081-exec-3] o.s.w.s.handler.SimpleUrlHandlerMapping  : Mapped to ResourceHttpRequestHandler [classpath [META-INF/resources/], classpath [resources/], classpath [static/], classpath [public/], ServletContext [/]]
2022-07-11 19:38:49.112 DEBUG 15768 --- [http-nio-8081-exec-3] o.s.w.s.r.ResourceHttpRequestHandler     : Resource not found
2022-07-11 19:38:49.112 DEBUG 15768 --- [http-nio-8081-exec-3] o.s.web.servlet.DispatcherServlet        : Completed 404 NOT_FOUND
2022-07-11 19:38:49.112 DEBUG 15768 --- [http-nio-8081-exec-3] o.s.web.servlet.DispatcherServlet        : "ERROR" dispatch for GET "/application/error", parameters={}
2022-07-11 19:38:49.113 DEBUG 15768 --- [http-nio-8081-exec-3] s.w.s.m.m.a.RequestMappingHandlerMapping : Mapped to org.springframework.boot.autoconfigure.web.servlet.error.BasicErrorController#errorHtml(HttpServletRequest, HttpServletResponse)
2022-07-11 19:38:49.114 DEBUG 15768 --- [http-nio-8081-exec-3] o.s.w.s.v.ContentNegotiatingViewResolver : Selected 'text/html' given [text/html, text/html;q=0.8]
2022-07-11 19:38:49.114 DEBUG 15768 --- [http-nio-8081-exec-3] o.s.web.servlet.DispatcherServlet        : Exiting from "ERROR" dispatch, status 404
2022-07-11 19:38:50.878 DEBUG 15768 --- [http-nio-8081-exec-4] o.s.web.servlet.DispatcherServlet        : GET "/application/api/v1/aorder", parameters={}
2022-07-11 19:38:50.878 DEBUG 15768 --- [http-nio-8081-exec-4] o.s.w.s.handler.SimpleUrlHandlerMapping  : Mapped to ResourceHttpRequestHandler [classpath [META-INF/resources/], classpath [resources/], classpath [static/], classpath [public/], ServletContext [/]]
2022-07-11 19:38:50.879 DEBUG 15768 --- [http-nio-8081-exec-4] o.s.w.s.r.ResourceHttpRequestHandler     : Resource not found
2022-07-11 19:38:50.879 DEBUG 15768 --- [http-nio-8081-exec-4] o.s.web.servlet.DispatcherServlet        : Completed 404 NOT_FOUND
2022-07-11 19:38:50.879 DEBUG 15768 --- [http-nio-8081-exec-4] o.s.web.servlet.DispatcherServlet        : "ERROR" dispatch for GET "/application/error", parameters={}
2022-07-11 19:38:50.880 DEBUG 15768 --- [http-nio-8081-exec-4] s.w.s.m.m.a.RequestMappingHandlerMapping : Mapped to org.springframework.boot.autoconfigure.web.servlet.error.BasicErrorController#errorHtml(HttpServletRequest, HttpServletResponse)
2022-07-11 19:38:50.881 DEBUG 15768 --- [http-nio-8081-exec-4] o.s.w.s.v.ContentNegotiatingViewResolver : Selected 'text/html' given [text/html, text/html;q=0.8]
2022-07-11 19:38:50.881 DEBUG 15768 --- [http-nio-8081-exec-4] o.s.web.servlet.DispatcherServlet        : Exiting from "ERROR" dispatch, status 404
2022-07-11 19:38:57.771 DEBUG 15768 --- [http-nio-8081-exec-5] o.s.web.servlet.DispatcherServlet        : GET "/application/rest/api/v1/aorder", parameters={}
2022-07-11 19:38:57.772 DEBUG 15768 --- [http-nio-8081-exec-5] o.s.w.s.handler.SimpleUrlHandlerMapping  : Mapped to ResourceHttpRequestHandler [classpath [META-INF/resources/], classpath [resources/], classpath [static/], classpath [public/], ServletContext [/]]
2022-07-11 19:38:57.773 DEBUG 15768 --- [http-nio-8081-exec-5] o.s.w.s.r.ResourceHttpRequestHandler     : Resource not found
2022-07-11 19:38:57.774 DEBUG 15768 --- [http-nio-8081-exec-5] o.s.web.servlet.DispatcherServlet        : Completed 404 NOT_FOUND
2022-07-11 19:38:57.774 DEBUG 15768 --- [http-nio-8081-exec-5] o.s.web.servlet.DispatcherServlet        : "ERROR" dispatch for GET "/application/error", parameters={}
2022-07-11 19:38:57.774 DEBUG 15768 --- [http-nio-8081-exec-5] s.w.s.m.m.a.RequestMappingHandlerMapping : Mapped to org.springframework.boot.autoconfigure.web.servlet.error.BasicErrorController#errorHtml(HttpServletRequest, HttpServletResponse)
2022-07-11 19:38:57.776 DEBUG 15768 --- [http-nio-8081-exec-5] o.s.w.s.v.ContentNegotiatingViewResolver : Selected 'text/html' given [text/html, text/html;q=0.8]
2022-07-11 19:38:57.777 DEBUG 15768 --- [http-nio-8081-exec-5] o.s.web.servlet.DispatcherServlet        : Exiting from "ERROR" dispatch, status 404
2022-07-11 19:39:10.588 DEBUG 15768 --- [http-nio-8081-exec-8] o.s.web.servlet.DispatcherServlet        : GET "/application/api/v1/rest/aorder", parameters={}
2022-07-11 19:39:10.588 DEBUG 15768 --- [http-nio-8081-exec-8] o.s.w.s.handler.SimpleUrlHandlerMapping  : Mapped to ResourceHttpRequestHandler [classpath [META-INF/resources/], classpath [resources/], classpath [static/], classpath [public/], ServletContext [/]]
2022-07-11 19:39:10.589 DEBUG 15768 --- [http-nio-8081-exec-8] o.s.w.s.r.ResourceHttpRequestHandler     : Resource not found
2022-07-11 19:39:10.590 DEBUG 15768 --- [http-nio-8081-exec-8] o.s.web.servlet.DispatcherServlet        : Completed 404 NOT_FOUND
2022-07-11 19:39:10.590 DEBUG 15768 --- [http-nio-8081-exec-8] o.s.web.servlet.DispatcherServlet        : "ERROR" dispatch for GET "/application/error", parameters={}
2022-07-11 19:39:10.590 DEBUG 15768 --- [http-nio-8081-exec-8] s.w.s.m.m.a.RequestMappingHandlerMapping : Mapped to org.springframework.boot.autoconfigure.web.servlet.error.BasicErrorController#errorHtml(HttpServletRequest, HttpServletResponse)
2022-07-11 19:39:10.592 DEBUG 15768 --- [http-nio-8081-exec-8] o.s.w.s.v.ContentNegotiatingViewResolver : Selected 'text/html' given [text/html, text/html;q=0.8]
2022-07-11 19:39:10.592 DEBUG 15768 --- [http-nio-8081-exec-8] o.s.web.servlet.DispatcherServlet        : Exiting from "ERROR" dispatch, status 404
2022-07-11 19:39:19.157 DEBUG 15768 --- [http-nio-8081-exec-10] o.s.web.servlet.DispatcherServlet        : GET "/application/api/v1/rest/customers/a", parameters={}
2022-07-11 19:39:19.158 DEBUG 15768 --- [http-nio-8081-exec-10] s.w.s.m.m.a.RequestMappingHandlerMapping : Mapped to project.rest.controller.CustomerResource#getACustomer()
2022-07-11 19:39:19.292 DEBUG 15768 --- [http-nio-8081-exec-10] o.s.w.s.m.m.a.HttpEntityMethodProcessor  : Using 'application/json;charset=UTF-8', given [*/*] and supported [application/json;charset=UTF-8]
2022-07-11 19:39:19.319 DEBUG 15768 --- [http-nio-8081-exec-10] o.s.w.s.m.m.a.HttpEntityMethodProcessor  : Writing [Customer{id=1, username='first', email='email@email.com', address='abc 123', orders=[project.persist (truncated)...]
2022-07-11 19:39:19.332 DEBUG 15768 --- [http-nio-8081-exec-10] o.s.web.servlet.DispatcherServlet        : Completed 200 OK
2022-07-11 19:39:23.588 DEBUG 15768 --- [http-nio-8081-exec-6] o.s.web.servlet.DispatcherServlet        : GET "/application/api/v1/rest/customers/a", parameters={}
2022-07-11 19:39:23.590 DEBUG 15768 --- [http-nio-8081-exec-6] .m.m.a.ExceptionHandlerExceptionResolver : Using @ExceptionHandler project.rest.controller.errorgateway.RestResponseEntityExceptionHandler#handleException(Exception, WebRequest)
2022-07-11 19:39:23.591 DEBUG 15768 --- [http-nio-8081-exec-6] o.s.w.s.m.m.a.HttpEntityMethodProcessor  : Using 'text/html', given [text/html, application/xhtml+xml, image/avif, image/webp, application/xml;q=0.9, */*;q=0.8] and supported [*/*]
2022-07-11 19:39:23.591 DEBUG 15768 --- [http-nio-8081-exec-6] .m.m.a.ExceptionHandlerExceptionResolver : Resolved [org.springframework.web.HttpMediaTypeNotSupportedException: Content type '' not supported]
2022-07-11 19:39:23.591 DEBUG 15768 --- [http-nio-8081-exec-6] o.s.web.servlet.DispatcherServlet        : Completed 415 UNSUPPORTED_MEDIA_TYPE
2022-07-11 19:39:43.710  WARN 7196 --- [main] JpaBaseConfiguration$JpaWebConfiguration : spring.jpa.open-in-view is enabled by default. Therefore, database queries may be performed during view rendering. Explicitly configure spring.jpa.open-in-view to disable this warning
2022-07-11 19:39:43.784 DEBUG 7196 --- [main] s.w.s.m.m.a.RequestMappingHandlerAdapter : ControllerAdvice beans: 0 @ModelAttribute, 0 @InitBinder, 1 RequestBodyAdvice, 1 ResponseBodyAdvice
2022-07-11 19:39:43.835 DEBUG 7196 --- [main] s.w.s.m.m.a.RequestMappingHandlerMapping : 19 mappings in 'requestMappingHandlerMapping'
2022-07-11 19:39:43.846 DEBUG 7196 --- [main] o.s.w.s.handler.SimpleUrlHandlerMapping  : Patterns [/webjars/**, /**] in 'resourceHandlerMapping'
2022-07-11 19:39:43.852 DEBUG 7196 --- [main] .m.m.a.ExceptionHandlerExceptionResolver : ControllerAdvice beans: 1 @ExceptionHandler, 1 ResponseBodyAdvice
2022-07-11 19:48:26.704  WARN 21676 --- [main] JpaBaseConfiguration$JpaWebConfiguration : spring.jpa.open-in-view is enabled by default. Therefore, database queries may be performed during view rendering. Explicitly configure spring.jpa.open-in-view to disable this warning
2022-07-11 19:48:26.775 DEBUG 21676 --- [main] s.w.s.m.m.a.RequestMappingHandlerAdapter : ControllerAdvice beans: 0 @ModelAttribute, 0 @InitBinder, 1 RequestBodyAdvice, 1 ResponseBodyAdvice
2022-07-11 19:48:26.833 DEBUG 21676 --- [main] s.w.s.m.m.a.RequestMappingHandlerMapping : 19 mappings in 'requestMappingHandlerMapping'
2022-07-11 19:48:26.844 DEBUG 21676 --- [main] o.s.w.s.handler.SimpleUrlHandlerMapping  : Patterns [/webjars/**, /**] in 'resourceHandlerMapping'
2022-07-11 19:48:26.849 DEBUG 21676 --- [main] .m.m.a.ExceptionHandlerExceptionResolver : ControllerAdvice beans: 1 @ExceptionHandler, 1 ResponseBodyAdvice
2022-07-11 19:48:32.286  INFO 21676 --- [http-nio-8081-exec-1] o.s.web.servlet.DispatcherServlet        : Initializing Servlet 'dispatcherServlet'
2022-07-11 19:48:32.286 DEBUG 21676 --- [http-nio-8081-exec-1] o.s.web.servlet.DispatcherServlet        : Detected StandardServletMultipartResolver
2022-07-11 19:48:32.286 DEBUG 21676 --- [http-nio-8081-exec-1] o.s.web.servlet.DispatcherServlet        : Detected AcceptHeaderLocaleResolver
2022-07-11 19:48:32.286 DEBUG 21676 --- [http-nio-8081-exec-1] o.s.web.servlet.DispatcherServlet        : Detected FixedThemeResolver
2022-07-11 19:48:32.287 DEBUG 21676 --- [http-nio-8081-exec-1] o.s.web.servlet.DispatcherServlet        : Detected org.springframework.web.servlet.view.DefaultRequestToViewNameTranslator@448cdb47
2022-07-11 19:48:32.287 DEBUG 21676 --- [http-nio-8081-exec-1] o.s.web.servlet.DispatcherServlet        : Detected org.springframework.web.servlet.support.SessionFlashMapManager@59b492ec
2022-07-11 19:48:32.287 DEBUG 21676 --- [http-nio-8081-exec-1] o.s.web.servlet.DispatcherServlet        : enableLoggingRequestDetails='false': request parameters and headers will be masked to prevent unsafe logging of potentially sensitive data
2022-07-11 19:48:32.287  INFO 21676 --- [http-nio-8081-exec-1] o.s.web.servlet.DispatcherServlet        : Completed initialization in 1 ms
2022-07-11 19:48:32.293 DEBUG 21676 --- [http-nio-8081-exec-1] o.s.web.servlet.DispatcherServlet        : GET "/application/api/v1/rest/customers/a", parameters={}
2022-07-11 19:48:32.298 DEBUG 21676 --- [http-nio-8081-exec-1] s.w.s.m.m.a.RequestMappingHandlerMapping : Mapped to project.rest.controller.CustomerResource#getACustomer()
2022-07-11 19:48:32.435 DEBUG 21676 --- [http-nio-8081-exec-1] o.s.w.s.m.m.a.HttpEntityMethodProcessor  : Using 'application/json;charset=UTF-8', given [*/*] and supported [application/json;charset=UTF-8]
2022-07-11 19:48:32.462 DEBUG 21676 --- [http-nio-8081-exec-1] o.s.w.s.m.m.a.HttpEntityMethodProcessor  : Writing [Customer{id=1, username='first', email='email@email.com', address='abc 123', orders=[project.persist (truncated)...]
2022-07-11 19:48:32.478 DEBUG 21676 --- [http-nio-8081-exec-1] o.s.web.servlet.DispatcherServlet        : Completed 200 OK
2022-07-11 19:48:39.964 DEBUG 21676 --- [http-nio-8081-exec-5] o.s.web.servlet.DispatcherServlet        : POST "/application/api/v1/rest/orders", parameters={}
2022-07-11 19:48:39.965 DEBUG 21676 --- [http-nio-8081-exec-5] s.w.s.m.m.a.RequestMappingHandlerMapping : Mapped to project.rest.controller.ResourceController#saveAnOrder(Orders)
2022-07-11 19:48:39.988 DEBUG 21676 --- [http-nio-8081-exec-5] m.m.a.RequestResponseBodyMethodProcessor : Read "application/json;charset=UTF-8" to [project.persistence.model.Orders@49c9a246]
2022-07-11 19:48:40.010 ERROR 21676 --- [http-nio-8081-exec-5] o.h.engine.jdbc.spi.SqlExceptionHelper   : ERROR: insert or update on table "order_items" violates foreign key constraint "fklws6u50uwtagixdxfbfr9la9b"
  Detail: Key (product_product_id)=(1) is not present in table "products".
2022-07-11 19:48:40.019 DEBUG 21676 --- [http-nio-8081-exec-5] o.s.web.servlet.DispatcherServlet        : Failed to complete request: org.springframework.dao.DataIntegrityViolationException: could not execute statement; SQL [n/a]; constraint [fklws6u50uwtagixdxfbfr9la9b]; nested exception is org.hibernate.exception.ConstraintViolationException: could not execute statement
2022-07-11 19:48:40.023 ERROR 21676 --- [http-nio-8081-exec-5] o.a.c.c.C.[.[.[.[dispatcherServlet]      : Servlet.service() for servlet [dispatcherServlet] in context with path [/application] threw exception [Request processing failed; nested exception is org.springframework.dao.DataIntegrityViolationException: could not execute statement; SQL [n/a]; constraint [fklws6u50uwtagixdxfbfr9la9b]; nested exception is org.hibernate.exception.ConstraintViolationException: could not execute statement] with root cause

org.postgresql.util.PSQLException: ERROR: insert or update on table "order_items" violates foreign key constraint "fklws6u50uwtagixdxfbfr9la9b"
  Detail: Key (product_product_id)=(1) is not present in table "products".
	at org.postgresql.core.v3.QueryExecutorImpl.receiveErrorResponse(QueryExecutorImpl.java:2675) ~[postgresql-42.3.6.jar:42.3.6]
	at org.postgresql.core.v3.QueryExecutorImpl.processResults(QueryExecutorImpl.java:2365) ~[postgresql-42.3.6.jar:42.3.6]
	at org.postgresql.core.v3.QueryExecutorImpl.execute(QueryExecutorImpl.java:355) ~[postgresql-42.3.6.jar:42.3.6]
	at org.postgresql.jdbc.PgStatement.executeInternal(PgStatement.java:490) ~[postgresql-42.3.6.jar:42.3.6]
	at org.postgresql.jdbc.PgStatement.execute(PgStatement.java:408) ~[postgresql-42.3.6.jar:42.3.6]
	at org.postgresql.jdbc.PgPreparedStatement.executeWithFlags(PgPreparedStatement.java:167) ~[postgresql-42.3.6.jar:42.3.6]
	at org.postgresql.jdbc.PgPreparedStatement.executeUpdate(PgPreparedStatement.java:135) ~[postgresql-42.3.6.jar:42.3.6]
	at com.zaxxer.hikari.pool.ProxyPreparedStatement.executeUpdate(ProxyPreparedStatement.java:61) ~[HikariCP-4.0.3.jar:na]
	at com.zaxxer.hikari.pool.HikariProxyPreparedStatement.executeUpdate(HikariProxyPreparedStatement.java) ~[HikariCP-4.0.3.jar:na]
	at org.hibernate.engine.jdbc.internal.ResultSetReturnImpl.executeUpdate(ResultSetReturnImpl.java:197) ~[hibernate-core-5.6.9.Final.jar:5.6.9.Final]
	at org.hibernate.engine.jdbc.batch.internal.NonBatchingBatch.addToBatch(NonBatchingBatch.java:46) ~[hibernate-core-5.6.9.Final.jar:5.6.9.Final]
	at org.hibernate.persister.entity.AbstractEntityPersister.insert(AbstractEntityPersister.java:3375) ~[hibernate-core-5.6.9.Final.jar:5.6.9.Final]
	at org.hibernate.persister.entity.AbstractEntityPersister.insert(AbstractEntityPersister.java:3908) ~[hibernate-core-5.6.9.Final.jar:5.6.9.Final]
	at org.hibernate.action.internal.EntityInsertAction.execute(EntityInsertAction.java:107) ~[hibernate-core-5.6.9.Final.jar:5.6.9.Final]
	at org.hibernate.engine.spi.ActionQueue.executeActions(ActionQueue.java:604) ~[hibernate-core-5.6.9.Final.jar:5.6.9.Final]
	at org.hibernate.engine.spi.ActionQueue.lambda$executeActions$1(ActionQueue.java:478) ~[hibernate-core-5.6.9.Final.jar:5.6.9.Final]
	at java.util.LinkedHashMap.forEach(LinkedHashMap.java:684) ~[na:1.8.0_202]
	at org.hibernate.engine.spi.ActionQueue.executeActions(ActionQueue.java:475) ~[hibernate-core-5.6.9.Final.jar:5.6.9.Final]
	at org.hibernate.event.internal.AbstractFlushingEventListener.performExecutions(AbstractFlushingEventListener.java:344) ~[hibernate-core-5.6.9.Final.jar:5.6.9.Final]
	at org.hibernate.event.internal.DefaultFlushEventListener.onFlush(DefaultFlushEventListener.java:40) ~[hibernate-core-5.6.9.Final.jar:5.6.9.Final]
	at org.hibernate.event.service.internal.EventListenerGroupImpl.fireEventOnEachListener(EventListenerGroupImpl.java:107) ~[hibernate-core-5.6.9.Final.jar:5.6.9.Final]
	at org.hibernate.internal.SessionImpl.doFlush(SessionImpl.java:1407) ~[hibernate-core-5.6.9.Final.jar:5.6.9.Final]
	at org.hibernate.internal.SessionImpl.managedFlush(SessionImpl.java:489) ~[hibernate-core-5.6.9.Final.jar:5.6.9.Final]
	at org.hibernate.internal.SessionImpl.flushBeforeTransactionCompletion(SessionImpl.java:3290) ~[hibernate-core-5.6.9.Final.jar:5.6.9.Final]
	at org.hibernate.internal.SessionImpl.beforeTransactionCompletion(SessionImpl.java:2425) ~[hibernate-core-5.6.9.Final.jar:5.6.9.Final]
	at org.hibernate.engine.jdbc.internal.JdbcCoordinatorImpl.beforeTransactionCompletion(JdbcCoordinatorImpl.java:449) ~[hibernate-core-5.6.9.Final.jar:5.6.9.Final]
	at org.hibernate.resource.transaction.backend.jdbc.internal.JdbcResourceLocalTransactionCoordinatorImpl.beforeCompletionCallback(JdbcResourceLocalTransactionCoordinatorImpl.java:183) ~[hibernate-core-5.6.9.Final.jar:5.6.9.Final]
	at org.hibernate.resource.transaction.backend.jdbc.internal.JdbcResourceLocalTransactionCoordinatorImpl.access$300(JdbcResourceLocalTransactionCoordinatorImpl.java:40) ~[hibernate-core-5.6.9.Final.jar:5.6.9.Final]
	at org.hibernate.resource.transaction.backend.jdbc.internal.JdbcResourceLocalTransactionCoordinatorImpl$TransactionDriverControlImpl.commit(JdbcResourceLocalTransactionCoordinatorImpl.java:281) ~[hibernate-core-5.6.9.Final.jar:5.6.9.Final]
	at org.hibernate.engine.transaction.internal.TransactionImpl.commit(TransactionImpl.java:101) ~[hibernate-core-5.6.9.Final.jar:5.6.9.Final]
	at org.springframework.orm.jpa.JpaTransactionManager.doCommit(JpaTransactionManager.java:562) ~[spring-orm-5.3.20.jar:5.3.20]
	at org.springframework.transaction.support.AbstractPlatformTransactionManager.processCommit(AbstractPlatformTransactionManager.java:743) ~[spring-tx-5.3.20.jar:5.3.20]
	at org.springframework.transaction.support.AbstractPlatformTransactionManager.commit(AbstractPlatformTransactionManager.java:711) ~[spring-tx-5.3.20.jar:5.3.20]
	at org.springframework.transaction.interceptor.TransactionAspectSupport.commitTransactionAfterReturning(TransactionAspectSupport.java:654) ~[spring-tx-5.3.20.jar:5.3.20]
	at org.springframework.transaction.interceptor.TransactionAspectSupport.invokeWithinTransaction(TransactionAspectSupport.java:407) ~[spring-tx-5.3.20.jar:5.3.20]
	at org.springframework.transaction.interceptor.TransactionInterceptor.invoke(TransactionInterceptor.java:119) ~[spring-tx-5.3.20.jar:5.3.20]
	at org.springframework.aop.framework.ReflectiveMethodInvocation.proceed(ReflectiveMethodInvocation.java:186) ~[spring-aop-5.3.21.jar:5.3.21]
	at org.springframework.dao.support.PersistenceExceptionTranslationInterceptor.invoke(PersistenceExceptionTranslationInterceptor.java:137) ~[spring-tx-5.3.20.jar:5.3.20]
	at org.springframework.aop.framework.ReflectiveMethodInvocation.proceed(ReflectiveMethodInvocation.java:186) ~[spring-aop-5.3.21.jar:5.3.21]
	at org.springframework.data.jpa.repository.support.CrudMethodMetadataPostProcessor$CrudMethodMetadataPopulatingMethodInterceptor.invoke(CrudMethodMetadataPostProcessor.java:174) ~[spring-data-jpa-2.7.0.jar:2.7.0]
	at org.springframework.aop.framework.ReflectiveMethodInvocation.proceed(ReflectiveMethodInvocation.java:186) ~[spring-aop-5.3.21.jar:5.3.21]
	at org.springframework.aop.interceptor.ExposeInvocationInterceptor.invoke(ExposeInvocationInterceptor.java:97) ~[spring-aop-5.3.21.jar:5.3.21]
	at org.springframework.aop.framework.ReflectiveMethodInvocation.proceed(ReflectiveMethodInvocation.java:186) ~[spring-aop-5.3.21.jar:5.3.21]
	at org.springframework.aop.framework.JdkDynamicAopProxy.invoke(JdkDynamicAopProxy.java:215) ~[spring-aop-5.3.21.jar:5.3.21]
	at com.sun.proxy.$Proxy106.save(Unknown Source) ~[na:na]
	at project.service.impl.DataServiceImpl.createOrderItem(DataServiceImpl.java:207) ~[classes/:na]
	at project.service.impl.DataServiceImpl.createOrder(DataServiceImpl.java:197) ~[classes/:na]
	at project.rest.controller.ResourceController.saveAnOrder(ResourceController.java:156) ~[classes/:na]
	at sun.reflect.NativeMethodAccessorImpl.invoke0(Native Method) ~[na:1.8.0_202]
	at sun.reflect.NativeMethodAccessorImpl.invoke(NativeMethodAccessorImpl.java:62) ~[na:1.8.0_202]
	at sun.reflect.DelegatingMethodAccessorImpl.invoke(DelegatingMethodAccessorImpl.java:43) ~[na:1.8.0_202]
	at java.lang.reflect.Method.invoke(Method.java:498) ~[na:1.8.0_202]
	at org.springframework.web.method.support.InvocableHandlerMethod.doInvoke(InvocableHandlerMethod.java:205) ~[spring-web-5.3.20.jar:5.3.20]
	at org.springframework.web.method.support.InvocableHandlerMethod.invokeForRequest(InvocableHandlerMethod.java:150) ~[spring-web-5.3.20.jar:5.3.20]
	at org.springframework.web.servlet.mvc.method.annotation.ServletInvocableHandlerMethod.invokeAndHandle(ServletInvocableHandlerMethod.java:117) ~[spring-webmvc-5.3.20.jar:5.3.20]
	at org.springframework.web.servlet.mvc.method.annotation.RequestMappingHandlerAdapter.invokeHandlerMethod(RequestMappingHandlerAdapter.java:895) ~[spring-webmvc-5.3.20.jar:5.3.20]
	at org.springframework.web.servlet.mvc.method.annotation.RequestMappingHandlerAdapter.handleInternal(RequestMappingHandlerAdapter.java:808) ~[spring-webmvc-5.3.20.jar:5.3.20]
	at org.springframework.web.servlet.mvc.method.AbstractHandlerMethodAdapter.handle(AbstractHandlerMethodAdapter.java:87) ~[spring-webmvc-5.3.20.jar:5.3.20]
	at org.springframework.web.servlet.DispatcherServlet.doDispatch(DispatcherServlet.java:1067) ~[spring-webmvc-5.3.20.jar:5.3.20]
	at org.springframework.web.servlet.DispatcherServlet.doService(DispatcherServlet.java:963) ~[spring-webmvc-5.3.20.jar:5.3.20]
	at org.springframework.web.servlet.FrameworkServlet.processRequest(FrameworkServlet.java:1006) ~[spring-webmvc-5.3.20.jar:5.3.20]
	at org.springframework.web.servlet.FrameworkServlet.doPost(FrameworkServlet.java:909) ~[spring-webmvc-5.3.20.jar:5.3.20]
	at javax.servlet.http.HttpServlet.service(HttpServlet.java:681) ~[tomcat-embed-core-9.0.63.jar:4.0.FR]
	at org.springframework.web.servlet.FrameworkServlet.service(FrameworkServlet.java:883) ~[spring-webmvc-5.3.20.jar:5.3.20]
	at javax.servlet.http.HttpServlet.service(HttpServlet.java:764) ~[tomcat-embed-core-9.0.63.jar:4.0.FR]
	at org.apache.catalina.core.ApplicationFilterChain.internalDoFilter(ApplicationFilterChain.java:227) ~[tomcat-embed-core-9.0.63.jar:9.0.63]
	at org.apache.catalina.core.ApplicationFilterChain.doFilter(ApplicationFilterChain.java:162) ~[tomcat-embed-core-9.0.63.jar:9.0.63]
	at org.apache.tomcat.websocket.server.WsFilter.doFilter(WsFilter.java:53) ~[tomcat-embed-websocket-9.0.63.jar:9.0.63]
	at org.apache.catalina.core.ApplicationFilterChain.internalDoFilter(ApplicationFilterChain.java:189) ~[tomcat-embed-core-9.0.63.jar:9.0.63]
	at org.apache.catalina.core.ApplicationFilterChain.doFilter(ApplicationFilterChain.java:162) ~[tomcat-embed-core-9.0.63.jar:9.0.63]
	at org.springframework.web.filter.RequestContextFilter.doFilterInternal(RequestContextFilter.java:100) ~[spring-web-5.3.20.jar:5.3.20]
	at org.springframework.web.filter.OncePerRequestFilter.doFilter(OncePerRequestFilter.java:117) ~[spring-web-5.3.20.jar:5.3.20]
	at org.apache.catalina.core.ApplicationFilterChain.internalDoFilter(ApplicationFilterChain.java:189) ~[tomcat-embed-core-9.0.63.jar:9.0.63]
	at org.apache.catalina.core.ApplicationFilterChain.doFilter(ApplicationFilterChain.java:162) ~[tomcat-embed-core-9.0.63.jar:9.0.63]
	at org.springframework.web.filter.FormContentFilter.doFilterInternal(FormContentFilter.java:93) ~[spring-web-5.3.20.jar:5.3.20]
	at org.springframework.web.filter.OncePerRequestFilter.doFilter(OncePerRequestFilter.java:117) ~[spring-web-5.3.20.jar:5.3.20]
	at org.apache.catalina.core.ApplicationFilterChain.internalDoFilter(ApplicationFilterChain.java:189) ~[tomcat-embed-core-9.0.63.jar:9.0.63]
	at org.apache.catalina.core.ApplicationFilterChain.doFilter(ApplicationFilterChain.java:162) ~[tomcat-embed-core-9.0.63.jar:9.0.63]
	at org.springframework.web.filter.CharacterEncodingFilter.doFilterInternal(CharacterEncodingFilter.java:201) ~[spring-web-5.3.20.jar:5.3.20]
	at org.springframework.web.filter.OncePerRequestFilter.doFilter(OncePerRequestFilter.java:117) ~[spring-web-5.3.20.jar:5.3.20]
	at org.apache.catalina.core.ApplicationFilterChain.internalDoFilter(ApplicationFilterChain.java:189) ~[tomcat-embed-core-9.0.63.jar:9.0.63]
	at org.apache.catalina.core.ApplicationFilterChain.doFilter(ApplicationFilterChain.java:162) ~[tomcat-embed-core-9.0.63.jar:9.0.63]
	at org.apache.catalina.core.StandardWrapperValve.invoke(StandardWrapperValve.java:197) ~[tomcat-embed-core-9.0.63.jar:9.0.63]
	at org.apache.catalina.core.StandardContextValve.invoke(StandardContextValve.java:97) [tomcat-embed-core-9.0.63.jar:9.0.63]
	at org.apache.catalina.authenticator.AuthenticatorBase.invoke(AuthenticatorBase.java:541) [tomcat-embed-core-9.0.63.jar:9.0.63]
	at org.apache.catalina.core.StandardHostValve.invoke(StandardHostValve.java:135) [tomcat-embed-core-9.0.63.jar:9.0.63]
	at org.apache.catalina.valves.ErrorReportValve.invoke(ErrorReportValve.java:92) [tomcat-embed-core-9.0.63.jar:9.0.63]
	at org.apache.catalina.core.StandardEngineValve.invoke(StandardEngineValve.java:78) [tomcat-embed-core-9.0.63.jar:9.0.63]
	at org.apache.catalina.connector.CoyoteAdapter.service(CoyoteAdapter.java:360) [tomcat-embed-core-9.0.63.jar:9.0.63]
	at org.apache.coyote.http11.Http11Processor.service(Http11Processor.java:399) [tomcat-embed-core-9.0.63.jar:9.0.63]
	at org.apache.coyote.AbstractProcessorLight.process(AbstractProcessorLight.java:65) [tomcat-embed-core-9.0.63.jar:9.0.63]
	at org.apache.coyote.AbstractProtocol$ConnectionHandler.process(AbstractProtocol.java:890) [tomcat-embed-core-9.0.63.jar:9.0.63]
	at org.apache.tomcat.util.net.NioEndpoint$SocketProcessor.doRun(NioEndpoint.java:1743) [tomcat-embed-core-9.0.63.jar:9.0.63]
	at org.apache.tomcat.util.net.SocketProcessorBase.run(SocketProcessorBase.java:49) [tomcat-embed-core-9.0.63.jar:9.0.63]
	at org.apache.tomcat.util.threads.ThreadPoolExecutor.runWorker(ThreadPoolExecutor.java:1191) [tomcat-embed-core-9.0.63.jar:9.0.63]
	at org.apache.tomcat.util.threads.ThreadPoolExecutor$Worker.run(ThreadPoolExecutor.java:659) [tomcat-embed-core-9.0.63.jar:9.0.63]
	at org.apache.tomcat.util.threads.TaskThread$WrappingRunnable.run(TaskThread.java:61) [tomcat-embed-core-9.0.63.jar:9.0.63]
	at java.lang.Thread.run(Thread.java:748) [na:1.8.0_202]

2022-07-11 19:48:40.025 DEBUG 21676 --- [http-nio-8081-exec-5] o.s.web.servlet.DispatcherServlet        : "ERROR" dispatch for POST "/application/error", parameters={}
2022-07-11 19:48:40.026 DEBUG 21676 --- [http-nio-8081-exec-5] s.w.s.m.m.a.RequestMappingHandlerMapping : Mapped to org.springframework.boot.autoconfigure.web.servlet.error.BasicErrorController#error(HttpServletRequest)
2022-07-11 19:48:40.030 DEBUG 21676 --- [http-nio-8081-exec-5] o.s.w.s.m.m.a.HttpEntityMethodProcessor  : Using 'application/json', given [*/*] and supported [application/json, application/*+json, application/json, application/*+json]
2022-07-11 19:48:40.030 DEBUG 21676 --- [http-nio-8081-exec-5] o.s.w.s.m.m.a.HttpEntityMethodProcessor  : Writing [{timestamp=Mon Jul 11 19:48:40 EEST 2022, status=500, error=Internal Server Error, path=/application (truncated)...]
2022-07-11 19:48:40.034 DEBUG 21676 --- [http-nio-8081-exec-5] o.s.web.servlet.DispatcherServlet        : Exiting from "ERROR" dispatch, status 500
2022-07-11 19:49:00.717 DEBUG 21676 --- [http-nio-8081-exec-7] o.s.web.servlet.DispatcherServlet        : POST "/application/api/v1/rest/orders", parameters={}
2022-07-11 19:49:00.717 DEBUG 21676 --- [http-nio-8081-exec-7] s.w.s.m.m.a.RequestMappingHandlerMapping : Mapped to project.rest.controller.ResourceController#saveAnOrder(Orders)
2022-07-11 19:49:00.718 DEBUG 21676 --- [http-nio-8081-exec-7] m.m.a.RequestResponseBodyMethodProcessor : Read "application/json;charset=UTF-8" to [project.persistence.model.Orders@6cbb1250]
2022-07-11 19:49:00.740 DEBUG 21676 --- [http-nio-8081-exec-7] o.s.w.s.m.m.a.HttpEntityMethodProcessor  : Using 'application/json;charset=UTF-8', given [*/*] and supported [application/json;charset=UTF-8]
2022-07-11 19:49:00.740 DEBUG 21676 --- [http-nio-8081-exec-7] o.s.w.s.m.m.a.HttpEntityMethodProcessor  : Writing [project.persistence.model.Orders@6cbb1250]
2022-07-11 19:49:00.740 DEBUG 21676 --- [http-nio-8081-exec-7] o.s.web.servlet.DispatcherServlet        : Completed 200 OK
2022-07-11 19:49:06.072 DEBUG 21676 --- [http-nio-8081-exec-8] o.s.web.servlet.DispatcherServlet        : GET "/application/api/v1/rest/aproduct/", parameters={}
2022-07-11 19:49:06.072 DEBUG 21676 --- [http-nio-8081-exec-8] s.w.s.m.m.a.RequestMappingHandlerMapping : Mapped to project.rest.controller.ResourceController#getProduct()
2022-07-11 19:49:06.078 DEBUG 21676 --- [http-nio-8081-exec-8] o.s.w.s.m.m.a.HttpEntityMethodProcessor  : Using 'application/json;charset=UTF-8', given [application/json] and supported [application/json;charset=UTF-8]
2022-07-11 19:49:06.079 DEBUG 21676 --- [http-nio-8081-exec-8] o.s.w.s.m.m.a.HttpEntityMethodProcessor  : Writing [Product ID: 18, state: IN_STOCK, title: IN_STOCK, description: IN_STOCK]
2022-07-11 19:49:06.079 DEBUG 21676 --- [http-nio-8081-exec-8] o.s.web.servlet.DispatcherServlet        : Completed 200 OK
2022-07-11 19:49:09.205 DEBUG 21676 --- [http-nio-8081-exec-2] o.s.web.servlet.DispatcherServlet        : GET "/application/api/v1/rest/aproduct/", parameters={}
2022-07-11 19:49:09.205 DEBUG 21676 --- [http-nio-8081-exec-2] s.w.s.m.m.a.RequestMappingHandlerMapping : Mapped to project.rest.controller.ResourceController#getProduct()
2022-07-11 19:49:09.211 DEBUG 21676 --- [http-nio-8081-exec-2] o.s.w.s.m.m.a.HttpEntityMethodProcessor  : Using 'application/json;charset=UTF-8', given [application/json] and supported [application/json;charset=UTF-8]
2022-07-11 19:49:09.212 DEBUG 21676 --- [http-nio-8081-exec-2] o.s.w.s.m.m.a.HttpEntityMethodProcessor  : Writing [Product ID: 19, state: IN_STOCK, title: IN_STOCK, description: IN_STOCK]
2022-07-11 19:49:09.212 DEBUG 21676 --- [http-nio-8081-exec-2] o.s.web.servlet.DispatcherServlet        : Completed 200 OK
2022-07-11 20:20:06.144 ERROR 13432 --- [main] com.zaxxer.hikari.pool.HikariPool        : HikariPool-1 - Exception during pool initialization.

org.postgresql.util.PSQLException: Connection to 0.0.0.0:5432 refused. Check that the hostname and port are correct and that the postmaster is accepting TCP/IP connections.
	at org.postgresql.core.v3.ConnectionFactoryImpl.openConnectionImpl(ConnectionFactoryImpl.java:319) ~[postgresql-42.3.6.jar:42.3.6]
	at org.postgresql.core.ConnectionFactory.openConnection(ConnectionFactory.java:49) ~[postgresql-42.3.6.jar:42.3.6]
	at org.postgresql.jdbc.PgConnection.<init>(PgConnection.java:223) ~[postgresql-42.3.6.jar:42.3.6]
	at org.postgresql.Driver.makeConnection(Driver.java:402) ~[postgresql-42.3.6.jar:42.3.6]
	at org.postgresql.Driver.connect(Driver.java:261) ~[postgresql-42.3.6.jar:42.3.6]
	at com.zaxxer.hikari.util.DriverDataSource.getConnection(DriverDataSource.java:138) ~[HikariCP-4.0.3.jar:na]
	at com.zaxxer.hikari.pool.PoolBase.newConnection(PoolBase.java:364) ~[HikariCP-4.0.3.jar:na]
	at com.zaxxer.hikari.pool.PoolBase.newPoolEntry(PoolBase.java:206) ~[HikariCP-4.0.3.jar:na]
	at com.zaxxer.hikari.pool.HikariPool.createPoolEntry(HikariPool.java:476) [HikariCP-4.0.3.jar:na]
	at com.zaxxer.hikari.pool.HikariPool.checkFailFast(HikariPool.java:561) [HikariCP-4.0.3.jar:na]
	at com.zaxxer.hikari.pool.HikariPool.<init>(HikariPool.java:115) [HikariCP-4.0.3.jar:na]
	at com.zaxxer.hikari.HikariDataSource.getConnection(HikariDataSource.java:112) [HikariCP-4.0.3.jar:na]
	at org.hibernate.engine.jdbc.connections.internal.DatasourceConnectionProviderImpl.getConnection(DatasourceConnectionProviderImpl.java:122) [hibernate-core-5.6.9.Final.jar:5.6.9.Final]
	at org.hibernate.engine.jdbc.env.internal.JdbcEnvironmentInitiator$ConnectionProviderJdbcConnectionAccess.obtainConnection(JdbcEnvironmentInitiator.java:181) [hibernate-core-5.6.9.Final.jar:5.6.9.Final]
	at org.hibernate.engine.jdbc.env.internal.JdbcEnvironmentInitiator.initiateService(JdbcEnvironmentInitiator.java:68) [hibernate-core-5.6.9.Final.jar:5.6.9.Final]
	at org.hibernate.engine.jdbc.env.internal.JdbcEnvironmentInitiator.initiateService(JdbcEnvironmentInitiator.java:35) [hibernate-core-5.6.9.Final.jar:5.6.9.Final]
	at org.hibernate.boot.registry.internal.StandardServiceRegistryImpl.initiateService(StandardServiceRegistryImpl.java:101) [hibernate-core-5.6.9.Final.jar:5.6.9.Final]
	at org.hibernate.service.internal.AbstractServiceRegistryImpl.createService(AbstractServiceRegistryImpl.java:263) [hibernate-core-5.6.9.Final.jar:5.6.9.Final]
	at org.hibernate.service.internal.AbstractServiceRegistryImpl.initializeService(AbstractServiceRegistryImpl.java:237) [hibernate-core-5.6.9.Final.jar:5.6.9.Final]
	at org.hibernate.service.internal.AbstractServiceRegistryImpl.getService(AbstractServiceRegistryImpl.java:214) [hibernate-core-5.6.9.Final.jar:5.6.9.Final]
	at org.hibernate.id.factory.internal.DefaultIdentifierGeneratorFactory.injectServices(DefaultIdentifierGeneratorFactory.java:175) [hibernate-core-5.6.9.Final.jar:5.6.9.Final]
	at org.hibernate.service.internal.AbstractServiceRegistryImpl.injectDependencies(AbstractServiceRegistryImpl.java:286) [hibernate-core-5.6.9.Final.jar:5.6.9.Final]
	at org.hibernate.service.internal.AbstractServiceRegistryImpl.initializeService(AbstractServiceRegistryImpl.java:243) [hibernate-core-5.6.9.Final.jar:5.6.9.Final]
	at org.hibernate.service.internal.AbstractServiceRegistryImpl.getService(AbstractServiceRegistryImpl.java:214) [hibernate-core-5.6.9.Final.jar:5.6.9.Final]
	at org.hibernate.boot.internal.InFlightMetadataCollectorImpl.<init>(InFlightMetadataCollectorImpl.java:173) [hibernate-core-5.6.9.Final.jar:5.6.9.Final]
	at org.hibernate.boot.model.process.spi.MetadataBuildingProcess.complete(MetadataBuildingProcess.java:127) [hibernate-core-5.6.9.Final.jar:5.6.9.Final]
	at org.hibernate.jpa.boot.internal.EntityManagerFactoryBuilderImpl.metadata(EntityManagerFactoryBuilderImpl.java:1460) [hibernate-core-5.6.9.Final.jar:5.6.9.Final]
	at org.hibernate.jpa.boot.internal.EntityManagerFactoryBuilderImpl.build(EntityManagerFactoryBuilderImpl.java:1494) [hibernate-core-5.6.9.Final.jar:5.6.9.Final]
	at org.springframework.orm.jpa.vendor.SpringHibernateJpaPersistenceProvider.createContainerEntityManagerFactory(SpringHibernateJpaPersistenceProvider.java:58) [spring-orm-5.3.20.jar:5.3.20]
	at org.springframework.orm.jpa.LocalContainerEntityManagerFactoryBean.createNativeEntityManagerFactory(LocalContainerEntityManagerFactoryBean.java:365) [spring-orm-5.3.20.jar:5.3.20]
	at org.springframework.orm.jpa.AbstractEntityManagerFactoryBean.buildNativeEntityManagerFactory(AbstractEntityManagerFactoryBean.java:409) [spring-orm-5.3.20.jar:5.3.20]
	at org.springframework.orm.jpa.AbstractEntityManagerFactoryBean.afterPropertiesSet(AbstractEntityManagerFactoryBean.java:396) [spring-orm-5.3.20.jar:5.3.20]
	at org.springframework.orm.jpa.LocalContainerEntityManagerFactoryBean.afterPropertiesSet(LocalContainerEntityManagerFactoryBean.java:341) [spring-orm-5.3.20.jar:5.3.20]
	at org.springframework.beans.factory.support.AbstractAutowireCapableBeanFactory.invokeInitMethods(AbstractAutowireCapableBeanFactory.java:1863) [spring-beans-5.3.20.jar:5.3.20]
	at org.springframework.beans.factory.support.AbstractAutowireCapableBeanFactory.initializeBean(AbstractAutowireCapableBeanFactory.java:1800) [spring-beans-5.3.20.jar:5.3.20]
	at org.springframework.beans.factory.support.AbstractAutowireCapableBeanFactory.doCreateBean(AbstractAutowireCapableBeanFactory.java:620) [spring-beans-5.3.20.jar:5.3.20]
	at org.springframework.beans.factory.support.AbstractAutowireCapableBeanFactory.createBean(AbstractAutowireCapableBeanFactory.java:542) [spring-beans-5.3.20.jar:5.3.20]
	at org.springframework.beans.factory.support.AbstractBeanFactory.lambda$doGetBean$0(AbstractBeanFactory.java:335) [spring-beans-5.3.20.jar:5.3.20]
	at org.springframework.beans.factory.support.DefaultSingletonBeanRegistry.getSingleton(DefaultSingletonBeanRegistry.java:234) ~[spring-beans-5.3.20.jar:5.3.20]
	at org.springframework.beans.factory.support.AbstractBeanFactory.doGetBean(AbstractBeanFactory.java:333) [spring-beans-5.3.20.jar:5.3.20]
	at org.springframework.beans.factory.support.AbstractBeanFactory.getBean(AbstractBeanFactory.java:208) [spring-beans-5.3.20.jar:5.3.20]
	at org.springframework.context.support.AbstractApplicationContext.getBean(AbstractApplicationContext.java:1154) ~[spring-context-5.3.21.jar:5.3.21]
	at org.springframework.context.support.AbstractApplicationContext.finishBeanFactoryInitialization(AbstractApplicationContext.java:908) ~[spring-context-5.3.21.jar:5.3.21]
	at org.springframework.context.support.AbstractApplicationContext.refresh(AbstractApplicationContext.java:583) ~[spring-context-5.3.21.jar:5.3.21]
	at org.springframework.boot.web.servlet.context.ServletWebServerApplicationContext.refresh(ServletWebServerApplicationContext.java:147) ~[spring-boot-2.7.0.jar:2.7.0]
	at org.springframework.boot.SpringApplication.refresh(SpringApplication.java:734) ~[spring-boot-2.7.0.jar:2.7.0]
	at org.springframework.boot.SpringApplication.refreshContext(SpringApplication.java:408) ~[spring-boot-2.7.0.jar:2.7.0]
	at org.springframework.boot.SpringApplication.run(SpringApplication.java:308) ~[spring-boot-2.7.0.jar:2.7.0]
	at org.springframework.boot.SpringApplication.run(SpringApplication.java:1306) ~[spring-boot-2.7.0.jar:2.7.0]
	at org.springframework.boot.SpringApplication.run(SpringApplication.java:1295) ~[spring-boot-2.7.0.jar:2.7.0]
	at project.ProjectApplication.main(ProjectApplication.java:11) ~[classes/:na]
Caused by: java.net.ConnectException: Connection refused: connect
	at java.net.DualStackPlainSocketImpl.waitForConnect(Native Method) ~[na:1.8.0_202]
	at java.net.DualStackPlainSocketImpl.socketConnect(DualStackPlainSocketImpl.java:85) ~[na:1.8.0_202]
	at java.net.AbstractPlainSocketImpl.doConnect(AbstractPlainSocketImpl.java:350) ~[na:1.8.0_202]
	at java.net.AbstractPlainSocketImpl.connectToAddress(AbstractPlainSocketImpl.java:204) ~[na:1.8.0_202]
	at java.net.AbstractPlainSocketImpl.connect(AbstractPlainSocketImpl.java:188) ~[na:1.8.0_202]
	at java.net.PlainSocketImpl.connect(PlainSocketImpl.java:172) ~[na:1.8.0_202]
	at java.net.SocksSocketImpl.connect(SocksSocketImpl.java:392) ~[na:1.8.0_202]
	at java.net.Socket.connect(Socket.java:589) ~[na:1.8.0_202]
	at org.postgresql.core.PGStream.createSocket(PGStream.java:241) ~[postgresql-42.3.6.jar:42.3.6]
	at org.postgresql.core.PGStream.<init>(PGStream.java:98) ~[postgresql-42.3.6.jar:42.3.6]
	at org.postgresql.core.v3.ConnectionFactoryImpl.tryConnect(ConnectionFactoryImpl.java:109) ~[postgresql-42.3.6.jar:42.3.6]
	at org.postgresql.core.v3.ConnectionFactoryImpl.openConnectionImpl(ConnectionFactoryImpl.java:235) ~[postgresql-42.3.6.jar:42.3.6]
	... 50 common frames omitted

2022-07-11 20:20:09.596 ERROR 13432 --- [main] com.zaxxer.hikari.pool.HikariPool        : HikariPool-1 - Exception during pool initialization.

org.postgresql.util.PSQLException: Connection to 0.0.0.0:5432 refused. Check that the hostname and port are correct and that the postmaster is accepting TCP/IP connections.
	at org.postgresql.core.v3.ConnectionFactoryImpl.openConnectionImpl(ConnectionFactoryImpl.java:319) ~[postgresql-42.3.6.jar:42.3.6]
	at org.postgresql.core.ConnectionFactory.openConnection(ConnectionFactory.java:49) ~[postgresql-42.3.6.jar:42.3.6]
	at org.postgresql.jdbc.PgConnection.<init>(PgConnection.java:223) ~[postgresql-42.3.6.jar:42.3.6]
	at org.postgresql.Driver.makeConnection(Driver.java:402) ~[postgresql-42.3.6.jar:42.3.6]
	at org.postgresql.Driver.connect(Driver.java:261) ~[postgresql-42.3.6.jar:42.3.6]
	at com.zaxxer.hikari.util.DriverDataSource.getConnection(DriverDataSource.java:138) ~[HikariCP-4.0.3.jar:na]
	at com.zaxxer.hikari.pool.PoolBase.newConnection(PoolBase.java:364) ~[HikariCP-4.0.3.jar:na]
	at com.zaxxer.hikari.pool.PoolBase.newPoolEntry(PoolBase.java:206) ~[HikariCP-4.0.3.jar:na]
	at com.zaxxer.hikari.pool.HikariPool.createPoolEntry(HikariPool.java:476) [HikariCP-4.0.3.jar:na]
	at com.zaxxer.hikari.pool.HikariPool.checkFailFast(HikariPool.java:561) [HikariCP-4.0.3.jar:na]
	at com.zaxxer.hikari.pool.HikariPool.<init>(HikariPool.java:115) [HikariCP-4.0.3.jar:na]
	at com.zaxxer.hikari.HikariDataSource.getConnection(HikariDataSource.java:112) [HikariCP-4.0.3.jar:na]
	at org.hibernate.engine.jdbc.connections.internal.DatasourceConnectionProviderImpl.getConnection(DatasourceConnectionProviderImpl.java:122) [hibernate-core-5.6.9.Final.jar:5.6.9.Final]
	at org.hibernate.engine.jdbc.env.internal.JdbcEnvironmentInitiator$ConnectionProviderJdbcConnectionAccess.obtainConnection(JdbcEnvironmentInitiator.java:181) [hibernate-core-5.6.9.Final.jar:5.6.9.Final]
	at org.hibernate.resource.transaction.backend.jdbc.internal.DdlTransactionIsolatorNonJtaImpl.getIsolatedConnection(DdlTransactionIsolatorNonJtaImpl.java:44) [hibernate-core-5.6.9.Final.jar:5.6.9.Final]
	at org.hibernate.tool.schema.internal.exec.GenerationTargetToDatabase.jdbcStatement(GenerationTargetToDatabase.java:77) [hibernate-core-5.6.9.Final.jar:5.6.9.Final]
	at org.hibernate.tool.schema.internal.exec.GenerationTargetToDatabase.accept(GenerationTargetToDatabase.java:53) [hibernate-core-5.6.9.Final.jar:5.6.9.Final]
	at org.hibernate.tool.schema.internal.SchemaDropperImpl.applySqlString(SchemaDropperImpl.java:387) [hibernate-core-5.6.9.Final.jar:5.6.9.Final]
	at org.hibernate.tool.schema.internal.SchemaDropperImpl.applySqlStrings(SchemaDropperImpl.java:371) [hibernate-core-5.6.9.Final.jar:5.6.9.Final]
	at org.hibernate.tool.schema.internal.SchemaDropperImpl.applyConstraintDropping(SchemaDropperImpl.java:341) [hibernate-core-5.6.9.Final.jar:5.6.9.Final]
	at org.hibernate.tool.schema.internal.SchemaDropperImpl.dropFromMetadata(SchemaDropperImpl.java:235) [hibernate-core-5.6.9.Final.jar:5.6.9.Final]
	at org.hibernate.tool.schema.internal.SchemaDropperImpl.performDrop(SchemaDropperImpl.java:156) [hibernate-core-5.6.9.Final.jar:5.6.9.Final]
	at org.hibernate.tool.schema.internal.SchemaDropperImpl.doDrop(SchemaDropperImpl.java:128) [hibernate-core-5.6.9.Final.jar:5.6.9.Final]
	at org.hibernate.tool.schema.internal.SchemaDropperImpl.doDrop(SchemaDropperImpl.java:114) [hibernate-core-5.6.9.Final.jar:5.6.9.Final]
	at org.hibernate.tool.schema.spi.SchemaManagementToolCoordinator.performDatabaseAction(SchemaManagementToolCoordinator.java:157) [hibernate-core-5.6.9.Final.jar:5.6.9.Final]
	at org.hibernate.tool.schema.spi.SchemaManagementToolCoordinator.process(SchemaManagementToolCoordinator.java:85) [hibernate-core-5.6.9.Final.jar:5.6.9.Final]
	at org.hibernate.internal.SessionFactoryImpl.<init>(SessionFactoryImpl.java:335) [hibernate-core-5.6.9.Final.jar:5.6.9.Final]
	at org.hibernate.boot.internal.SessionFactoryBuilderImpl.build(SessionFactoryBuilderImpl.java:471) [hibernate-core-5.6.9.Final.jar:5.6.9.Final]
	at org.hibernate.jpa.boot.internal.EntityManagerFactoryBuilderImpl.build(EntityManagerFactoryBuilderImpl.java:1498) [hibernate-core-5.6.9.Final.jar:5.6.9.Final]
	at org.springframework.orm.jpa.vendor.SpringHibernateJpaPersistenceProvider.createContainerEntityManagerFactory(SpringHibernateJpaPersistenceProvider.java:58) [spring-orm-5.3.20.jar:5.3.20]
	at org.springframework.orm.jpa.LocalContainerEntityManagerFactoryBean.createNativeEntityManagerFactory(LocalContainerEntityManagerFactoryBean.java:365) [spring-orm-5.3.20.jar:5.3.20]
	at org.springframework.orm.jpa.AbstractEntityManagerFactoryBean.buildNativeEntityManagerFactory(AbstractEntityManagerFactoryBean.java:409) [spring-orm-5.3.20.jar:5.3.20]
	at org.springframework.orm.jpa.AbstractEntityManagerFactoryBean.afterPropertiesSet(AbstractEntityManagerFactoryBean.java:396) [spring-orm-5.3.20.jar:5.3.20]
	at org.springframework.orm.jpa.LocalContainerEntityManagerFactoryBean.afterPropertiesSet(LocalContainerEntityManagerFactoryBean.java:341) [spring-orm-5.3.20.jar:5.3.20]
	at org.springframework.beans.factory.support.AbstractAutowireCapableBeanFactory.invokeInitMethods(AbstractAutowireCapableBeanFactory.java:1863) [spring-beans-5.3.20.jar:5.3.20]
	at org.springframework.beans.factory.support.AbstractAutowireCapableBeanFactory.initializeBean(AbstractAutowireCapableBeanFactory.java:1800) [spring-beans-5.3.20.jar:5.3.20]
	at org.springframework.beans.factory.support.AbstractAutowireCapableBeanFactory.doCreateBean(AbstractAutowireCapableBeanFactory.java:620) [spring-beans-5.3.20.jar:5.3.20]
	at org.springframework.beans.factory.support.AbstractAutowireCapableBeanFactory.createBean(AbstractAutowireCapableBeanFactory.java:542) [spring-beans-5.3.20.jar:5.3.20]
	at org.springframework.beans.factory.support.AbstractBeanFactory.lambda$doGetBean$0(AbstractBeanFactory.java:335) [spring-beans-5.3.20.jar:5.3.20]
	at org.springframework.beans.factory.support.DefaultSingletonBeanRegistry.getSingleton(DefaultSingletonBeanRegistry.java:234) ~[spring-beans-5.3.20.jar:5.3.20]
	at org.springframework.beans.factory.support.AbstractBeanFactory.doGetBean(AbstractBeanFactory.java:333) [spring-beans-5.3.20.jar:5.3.20]
	at org.springframework.beans.factory.support.AbstractBeanFactory.getBean(AbstractBeanFactory.java:208) [spring-beans-5.3.20.jar:5.3.20]
	at org.springframework.context.support.AbstractApplicationContext.getBean(AbstractApplicationContext.java:1154) ~[spring-context-5.3.21.jar:5.3.21]
	at org.springframework.context.support.AbstractApplicationContext.finishBeanFactoryInitialization(AbstractApplicationContext.java:908) ~[spring-context-5.3.21.jar:5.3.21]
	at org.springframework.context.support.AbstractApplicationContext.refresh(AbstractApplicationContext.java:583) ~[spring-context-5.3.21.jar:5.3.21]
	at org.springframework.boot.web.servlet.context.ServletWebServerApplicationContext.refresh(ServletWebServerApplicationContext.java:147) ~[spring-boot-2.7.0.jar:2.7.0]
	at org.springframework.boot.SpringApplication.refresh(SpringApplication.java:734) ~[spring-boot-2.7.0.jar:2.7.0]
	at org.springframework.boot.SpringApplication.refreshContext(SpringApplication.java:408) ~[spring-boot-2.7.0.jar:2.7.0]
	at org.springframework.boot.SpringApplication.run(SpringApplication.java:308) ~[spring-boot-2.7.0.jar:2.7.0]
	at org.springframework.boot.SpringApplication.run(SpringApplication.java:1306) ~[spring-boot-2.7.0.jar:2.7.0]
	at org.springframework.boot.SpringApplication.run(SpringApplication.java:1295) ~[spring-boot-2.7.0.jar:2.7.0]
	at project.ProjectApplication.main(ProjectApplication.java:11) ~[classes/:na]
Caused by: java.net.ConnectException: Connection refused: connect
	at java.net.DualStackPlainSocketImpl.waitForConnect(Native Method) ~[na:1.8.0_202]
	at java.net.DualStackPlainSocketImpl.socketConnect(DualStackPlainSocketImpl.java:85) ~[na:1.8.0_202]
	at java.net.AbstractPlainSocketImpl.doConnect(AbstractPlainSocketImpl.java:350) ~[na:1.8.0_202]
	at java.net.AbstractPlainSocketImpl.connectToAddress(AbstractPlainSocketImpl.java:204) ~[na:1.8.0_202]
	at java.net.AbstractPlainSocketImpl.connect(AbstractPlainSocketImpl.java:188) ~[na:1.8.0_202]
	at java.net.PlainSocketImpl.connect(PlainSocketImpl.java:172) ~[na:1.8.0_202]
	at java.net.SocksSocketImpl.connect(SocksSocketImpl.java:392) ~[na:1.8.0_202]
	at java.net.Socket.connect(Socket.java:589) ~[na:1.8.0_202]
	at org.postgresql.core.PGStream.createSocket(PGStream.java:241) ~[postgresql-42.3.6.jar:42.3.6]
	at org.postgresql.core.PGStream.<init>(PGStream.java:98) ~[postgresql-42.3.6.jar:42.3.6]
	at org.postgresql.core.v3.ConnectionFactoryImpl.tryConnect(ConnectionFactoryImpl.java:109) ~[postgresql-42.3.6.jar:42.3.6]
	at org.postgresql.core.v3.ConnectionFactoryImpl.openConnectionImpl(ConnectionFactoryImpl.java:235) ~[postgresql-42.3.6.jar:42.3.6]
	... 51 common frames omitted

2022-07-11 20:20:09.598 ERROR 13432 --- [main] o.h.engine.jdbc.spi.SqlExceptionHelper   : Connection to 0.0.0.0:5432 refused. Check that the hostname and port are correct and that the postmaster is accepting TCP/IP connections.
2022-07-11 20:20:09.602 ERROR 13432 --- [main] j.LocalContainerEntityManagerFactoryBean : Failed to initialize JPA EntityManagerFactory: [PersistenceUnit: default] Unable to build Hibernate SessionFactory; nested exception is org.hibernate.exception.JDBCConnectionException: Unable to open JDBC Connection for DDL execution
2022-07-11 20:20:09.602  WARN 13432 --- [main] ConfigServletWebServerApplicationContext : Exception encountered during context initialization - cancelling refresh attempt: org.springframework.beans.factory.BeanCreationException: Error creating bean with name 'entityManagerFactory' defined in class path resource [org/springframework/boot/autoconfigure/orm/jpa/HibernateJpaConfiguration.class]: Invocation of init method failed; nested exception is javax.persistence.PersistenceException: [PersistenceUnit: default] Unable to build Hibernate SessionFactory; nested exception is org.hibernate.exception.JDBCConnectionException: Unable to open JDBC Connection for DDL execution
2022-07-11 20:20:09.630 ERROR 13432 --- [main] o.s.boot.SpringApplication               : Application run failed

org.springframework.beans.factory.BeanCreationException: Error creating bean with name 'entityManagerFactory' defined in class path resource [org/springframework/boot/autoconfigure/orm/jpa/HibernateJpaConfiguration.class]: Invocation of init method failed; nested exception is javax.persistence.PersistenceException: [PersistenceUnit: default] Unable to build Hibernate SessionFactory; nested exception is org.hibernate.exception.JDBCConnectionException: Unable to open JDBC Connection for DDL execution
	at org.springframework.beans.factory.support.AbstractAutowireCapableBeanFactory.initializeBean(AbstractAutowireCapableBeanFactory.java:1804) ~[spring-beans-5.3.20.jar:5.3.20]
	at org.springframework.beans.factory.support.AbstractAutowireCapableBeanFactory.doCreateBean(AbstractAutowireCapableBeanFactory.java:620) ~[spring-beans-5.3.20.jar:5.3.20]
	at org.springframework.beans.factory.support.AbstractAutowireCapableBeanFactory.createBean(AbstractAutowireCapableBeanFactory.java:542) ~[spring-beans-5.3.20.jar:5.3.20]
	at org.springframework.beans.factory.support.AbstractBeanFactory.lambda$doGetBean$0(AbstractBeanFactory.java:335) ~[spring-beans-5.3.20.jar:5.3.20]
	at org.springframework.beans.factory.support.DefaultSingletonBeanRegistry.getSingleton(DefaultSingletonBeanRegistry.java:234) ~[spring-beans-5.3.20.jar:5.3.20]
	at org.springframework.beans.factory.support.AbstractBeanFactory.doGetBean(AbstractBeanFactory.java:333) ~[spring-beans-5.3.20.jar:5.3.20]
	at org.springframework.beans.factory.support.AbstractBeanFactory.getBean(AbstractBeanFactory.java:208) ~[spring-beans-5.3.20.jar:5.3.20]
	at org.springframework.context.support.AbstractApplicationContext.getBean(AbstractApplicationContext.java:1154) ~[spring-context-5.3.21.jar:5.3.21]
	at org.springframework.context.support.AbstractApplicationContext.finishBeanFactoryInitialization(AbstractApplicationContext.java:908) ~[spring-context-5.3.21.jar:5.3.21]
	at org.springframework.context.support.AbstractApplicationContext.refresh(AbstractApplicationContext.java:583) ~[spring-context-5.3.21.jar:5.3.21]
	at org.springframework.boot.web.servlet.context.ServletWebServerApplicationContext.refresh(ServletWebServerApplicationContext.java:147) ~[spring-boot-2.7.0.jar:2.7.0]
	at org.springframework.boot.SpringApplication.refresh(SpringApplication.java:734) [spring-boot-2.7.0.jar:2.7.0]
	at org.springframework.boot.SpringApplication.refreshContext(SpringApplication.java:408) [spring-boot-2.7.0.jar:2.7.0]
	at org.springframework.boot.SpringApplication.run(SpringApplication.java:308) [spring-boot-2.7.0.jar:2.7.0]
	at org.springframework.boot.SpringApplication.run(SpringApplication.java:1306) [spring-boot-2.7.0.jar:2.7.0]
	at org.springframework.boot.SpringApplication.run(SpringApplication.java:1295) [spring-boot-2.7.0.jar:2.7.0]
	at project.ProjectApplication.main(ProjectApplication.java:11) [classes/:na]
Caused by: javax.persistence.PersistenceException: [PersistenceUnit: default] Unable to build Hibernate SessionFactory; nested exception is org.hibernate.exception.JDBCConnectionException: Unable to open JDBC Connection for DDL execution
	at org.springframework.orm.jpa.AbstractEntityManagerFactoryBean.buildNativeEntityManagerFactory(AbstractEntityManagerFactoryBean.java:421) ~[spring-orm-5.3.20.jar:5.3.20]
	at org.springframework.orm.jpa.AbstractEntityManagerFactoryBean.afterPropertiesSet(AbstractEntityManagerFactoryBean.java:396) ~[spring-orm-5.3.20.jar:5.3.20]
	at org.springframework.orm.jpa.LocalContainerEntityManagerFactoryBean.afterPropertiesSet(LocalContainerEntityManagerFactoryBean.java:341) ~[spring-orm-5.3.20.jar:5.3.20]
	at org.springframework.beans.factory.support.AbstractAutowireCapableBeanFactory.invokeInitMethods(AbstractAutowireCapableBeanFactory.java:1863) ~[spring-beans-5.3.20.jar:5.3.20]
	at org.springframework.beans.factory.support.AbstractAutowireCapableBeanFactory.initializeBean(AbstractAutowireCapableBeanFactory.java:1800) ~[spring-beans-5.3.20.jar:5.3.20]
	... 16 common frames omitted
Caused by: org.hibernate.exception.JDBCConnectionException: Unable to open JDBC Connection for DDL execution
	at org.hibernate.exception.internal.SQLStateConversionDelegate.convert(SQLStateConversionDelegate.java:112) ~[hibernate-core-5.6.9.Final.jar:5.6.9.Final]
	at org.hibernate.exception.internal.StandardSQLExceptionConverter.convert(StandardSQLExceptionConverter.java:37) ~[hibernate-core-5.6.9.Final.jar:5.6.9.Final]
	at org.hibernate.engine.jdbc.spi.SqlExceptionHelper.convert(SqlExceptionHelper.java:113) ~[hibernate-core-5.6.9.Final.jar:5.6.9.Final]
	at org.hibernate.engine.jdbc.spi.SqlExceptionHelper.convert(SqlExceptionHelper.java:99) ~[hibernate-core-5.6.9.Final.jar:5.6.9.Final]
	at org.hibernate.resource.transaction.backend.jdbc.internal.DdlTransactionIsolatorNonJtaImpl.getIsolatedConnection(DdlTransactionIsolatorNonJtaImpl.java:71) ~[hibernate-core-5.6.9.Final.jar:5.6.9.Final]
	at org.hibernate.tool.schema.internal.exec.GenerationTargetToDatabase.jdbcStatement(GenerationTargetToDatabase.java:77) ~[hibernate-core-5.6.9.Final.jar:5.6.9.Final]
	at org.hibernate.tool.schema.internal.exec.GenerationTargetToDatabase.accept(GenerationTargetToDatabase.java:53) ~[hibernate-core-5.6.9.Final.jar:5.6.9.Final]
	at org.hibernate.tool.schema.internal.SchemaDropperImpl.applySqlString(SchemaDropperImpl.java:387) ~[hibernate-core-5.6.9.Final.jar:5.6.9.Final]
	at org.hibernate.tool.schema.internal.SchemaDropperImpl.applySqlStrings(SchemaDropperImpl.java:371) ~[hibernate-core-5.6.9.Final.jar:5.6.9.Final]
	at org.hibernate.tool.schema.internal.SchemaDropperImpl.applyConstraintDropping(SchemaDropperImpl.java:341) ~[hibernate-core-5.6.9.Final.jar:5.6.9.Final]
	at org.hibernate.tool.schema.internal.SchemaDropperImpl.dropFromMetadata(SchemaDropperImpl.java:235) ~[hibernate-core-5.6.9.Final.jar:5.6.9.Final]
	at org.hibernate.tool.schema.internal.SchemaDropperImpl.performDrop(SchemaDropperImpl.java:156) ~[hibernate-core-5.6.9.Final.jar:5.6.9.Final]
	at org.hibernate.tool.schema.internal.SchemaDropperImpl.doDrop(SchemaDropperImpl.java:128) ~[hibernate-core-5.6.9.Final.jar:5.6.9.Final]
	at org.hibernate.tool.schema.internal.SchemaDropperImpl.doDrop(SchemaDropperImpl.java:114) ~[hibernate-core-5.6.9.Final.jar:5.6.9.Final]
	at org.hibernate.tool.schema.spi.SchemaManagementToolCoordinator.performDatabaseAction(SchemaManagementToolCoordinator.java:157) ~[hibernate-core-5.6.9.Final.jar:5.6.9.Final]
	at org.hibernate.tool.schema.spi.SchemaManagementToolCoordinator.process(SchemaManagementToolCoordinator.java:85) ~[hibernate-core-5.6.9.Final.jar:5.6.9.Final]
	at org.hibernate.internal.SessionFactoryImpl.<init>(SessionFactoryImpl.java:335) ~[hibernate-core-5.6.9.Final.jar:5.6.9.Final]
	at org.hibernate.boot.internal.SessionFactoryBuilderImpl.build(SessionFactoryBuilderImpl.java:471) ~[hibernate-core-5.6.9.Final.jar:5.6.9.Final]
	at org.hibernate.jpa.boot.internal.EntityManagerFactoryBuilderImpl.build(EntityManagerFactoryBuilderImpl.java:1498) ~[hibernate-core-5.6.9.Final.jar:5.6.9.Final]
	at org.springframework.orm.jpa.vendor.SpringHibernateJpaPersistenceProvider.createContainerEntityManagerFactory(SpringHibernateJpaPersistenceProvider.java:58) ~[spring-orm-5.3.20.jar:5.3.20]
	at org.springframework.orm.jpa.LocalContainerEntityManagerFactoryBean.createNativeEntityManagerFactory(LocalContainerEntityManagerFactoryBean.java:365) ~[spring-orm-5.3.20.jar:5.3.20]
	at org.springframework.orm.jpa.AbstractEntityManagerFactoryBean.buildNativeEntityManagerFactory(AbstractEntityManagerFactoryBean.java:409) ~[spring-orm-5.3.20.jar:5.3.20]
	... 20 common frames omitted
Caused by: org.postgresql.util.PSQLException: Connection to 0.0.0.0:5432 refused. Check that the hostname and port are correct and that the postmaster is accepting TCP/IP connections.
	at org.postgresql.core.v3.ConnectionFactoryImpl.openConnectionImpl(ConnectionFactoryImpl.java:319) ~[postgresql-42.3.6.jar:42.3.6]
	at org.postgresql.core.ConnectionFactory.openConnection(ConnectionFactory.java:49) ~[postgresql-42.3.6.jar:42.3.6]
	at org.postgresql.jdbc.PgConnection.<init>(PgConnection.java:223) ~[postgresql-42.3.6.jar:42.3.6]
	at org.postgresql.Driver.makeConnection(Driver.java:402) ~[postgresql-42.3.6.jar:42.3.6]
	at org.postgresql.Driver.connect(Driver.java:261) ~[postgresql-42.3.6.jar:42.3.6]
	at com.zaxxer.hikari.util.DriverDataSource.getConnection(DriverDataSource.java:138) ~[HikariCP-4.0.3.jar:na]
	at com.zaxxer.hikari.pool.PoolBase.newConnection(PoolBase.java:364) ~[HikariCP-4.0.3.jar:na]
	at com.zaxxer.hikari.pool.PoolBase.newPoolEntry(PoolBase.java:206) ~[HikariCP-4.0.3.jar:na]
	at com.zaxxer.hikari.pool.HikariPool.createPoolEntry(HikariPool.java:476) ~[HikariCP-4.0.3.jar:na]
	at com.zaxxer.hikari.pool.HikariPool.checkFailFast(HikariPool.java:561) ~[HikariCP-4.0.3.jar:na]
	at com.zaxxer.hikari.pool.HikariPool.<init>(HikariPool.java:115) ~[HikariCP-4.0.3.jar:na]
	at com.zaxxer.hikari.HikariDataSource.getConnection(HikariDataSource.java:112) ~[HikariCP-4.0.3.jar:na]
	at org.hibernate.engine.jdbc.connections.internal.DatasourceConnectionProviderImpl.getConnection(DatasourceConnectionProviderImpl.java:122) ~[hibernate-core-5.6.9.Final.jar:5.6.9.Final]
	at org.hibernate.engine.jdbc.env.internal.JdbcEnvironmentInitiator$ConnectionProviderJdbcConnectionAccess.obtainConnection(JdbcEnvironmentInitiator.java:181) ~[hibernate-core-5.6.9.Final.jar:5.6.9.Final]
	at org.hibernate.resource.transaction.backend.jdbc.internal.DdlTransactionIsolatorNonJtaImpl.getIsolatedConnection(DdlTransactionIsolatorNonJtaImpl.java:44) ~[hibernate-core-5.6.9.Final.jar:5.6.9.Final]
	... 37 common frames omitted
Caused by: java.net.ConnectException: Connection refused: connect
	at java.net.DualStackPlainSocketImpl.waitForConnect(Native Method) ~[na:1.8.0_202]
	at java.net.DualStackPlainSocketImpl.socketConnect(DualStackPlainSocketImpl.java:85) ~[na:1.8.0_202]
	at java.net.AbstractPlainSocketImpl.doConnect(AbstractPlainSocketImpl.java:350) ~[na:1.8.0_202]
	at java.net.AbstractPlainSocketImpl.connectToAddress(AbstractPlainSocketImpl.java:204) ~[na:1.8.0_202]
	at java.net.AbstractPlainSocketImpl.connect(AbstractPlainSocketImpl.java:188) ~[na:1.8.0_202]
	at java.net.PlainSocketImpl.connect(PlainSocketImpl.java:172) ~[na:1.8.0_202]
	at java.net.SocksSocketImpl.connect(SocksSocketImpl.java:392) ~[na:1.8.0_202]
	at java.net.Socket.connect(Socket.java:589) ~[na:1.8.0_202]
	at org.postgresql.core.PGStream.createSocket(PGStream.java:241) ~[postgresql-42.3.6.jar:42.3.6]
	at org.postgresql.core.PGStream.<init>(PGStream.java:98) ~[postgresql-42.3.6.jar:42.3.6]
	at org.postgresql.core.v3.ConnectionFactoryImpl.tryConnect(ConnectionFactoryImpl.java:109) ~[postgresql-42.3.6.jar:42.3.6]
	at org.postgresql.core.v3.ConnectionFactoryImpl.openConnectionImpl(ConnectionFactoryImpl.java:235) ~[postgresql-42.3.6.jar:42.3.6]
	... 51 common frames omitted

2022-07-11 20:20:20.366  WARN 7952 --- [main] JpaBaseConfiguration$JpaWebConfiguration : spring.jpa.open-in-view is enabled by default. Therefore, database queries may be performed during view rendering. Explicitly configure spring.jpa.open-in-view to disable this warning
2022-07-11 20:20:20.441 DEBUG 7952 --- [main] s.w.s.m.m.a.RequestMappingHandlerAdapter : ControllerAdvice beans: 0 @ModelAttribute, 0 @InitBinder, 1 RequestBodyAdvice, 1 ResponseBodyAdvice
2022-07-11 20:20:20.500 DEBUG 7952 --- [main] s.w.s.m.m.a.RequestMappingHandlerMapping : 19 mappings in 'requestMappingHandlerMapping'
2022-07-11 20:20:20.511 DEBUG 7952 --- [main] o.s.w.s.handler.SimpleUrlHandlerMapping  : Patterns [/webjars/**, /**] in 'resourceHandlerMapping'
2022-07-11 20:20:20.516 DEBUG 7952 --- [main] .m.m.a.ExceptionHandlerExceptionResolver : ControllerAdvice beans: 1 @ExceptionHandler, 1 ResponseBodyAdvice
2022-07-11 20:22:23.999  WARN 4372 --- [main] JpaBaseConfiguration$JpaWebConfiguration : spring.jpa.open-in-view is enabled by default. Therefore, database queries may be performed during view rendering. Explicitly configure spring.jpa.open-in-view to disable this warning
2022-07-11 20:22:24.076 DEBUG 4372 --- [main] s.w.s.m.m.a.RequestMappingHandlerAdapter : ControllerAdvice beans: 0 @ModelAttribute, 0 @InitBinder, 1 RequestBodyAdvice, 1 ResponseBodyAdvice
2022-07-11 20:22:24.136 DEBUG 4372 --- [main] s.w.s.m.m.a.RequestMappingHandlerMapping : 19 mappings in 'requestMappingHandlerMapping'
2022-07-11 20:22:24.147 DEBUG 4372 --- [main] o.s.w.s.handler.SimpleUrlHandlerMapping  : Patterns [/webjars/**, /**] in 'resourceHandlerMapping'
2022-07-11 20:22:24.153 DEBUG 4372 --- [main] .m.m.a.ExceptionHandlerExceptionResolver : ControllerAdvice beans: 1 @ExceptionHandler, 1 ResponseBodyAdvice
2022-07-11 20:42:59.401  WARN 8272 --- [main] JpaBaseConfiguration$JpaWebConfiguration : spring.jpa.open-in-view is enabled by default. Therefore, database queries may be performed during view rendering. Explicitly configure spring.jpa.open-in-view to disable this warning
2022-07-11 20:42:59.474 DEBUG 8272 --- [main] s.w.s.m.m.a.RequestMappingHandlerAdapter : ControllerAdvice beans: 0 @ModelAttribute, 0 @InitBinder, 1 RequestBodyAdvice, 1 ResponseBodyAdvice
2022-07-11 20:42:59.533 DEBUG 8272 --- [main] s.w.s.m.m.a.RequestMappingHandlerMapping : 19 mappings in 'requestMappingHandlerMapping'
2022-07-11 20:42:59.544 DEBUG 8272 --- [main] o.s.w.s.handler.SimpleUrlHandlerMapping  : Patterns [/webjars/**, /**] in 'resourceHandlerMapping'
2022-07-11 20:42:59.549 DEBUG 8272 --- [main] .m.m.a.ExceptionHandlerExceptionResolver : ControllerAdvice beans: 1 @ExceptionHandler, 1 ResponseBodyAdvice
